<?xml version="1.0" encoding="UTF-8"?>
<!-- Generated by org.testng.reporters.JUnitXMLReporter -->
<testsuite hostname="Nagarjuna-Y" ignored="0" name="LoginPage" tests="8" failures="0" timestamp="10 May 2018 09:27:50 GMT" time="32.93" errors="0">
  <testcase name="verifyLogin" time="5.246" classname="com.test.automation.RakuRaku.loginpage.TC002_Verifylogin"/>
  <testcase name="verifyLogin" time="2.569" classname="com.test.automation.RakuRaku.loginpage.TC002_Verifylogin"/>
  <testcase name="verifyLogin" time="2.571" classname="com.test.automation.RakuRaku.loginpage.TC002_Verifylogin"/>
  <testcase name="verifyLogin" time="2.661" classname="com.test.automation.RakuRaku.loginpage.TC002_Verifylogin"/>
  <testcase name="verifyLogin" time="2.581" classname="com.test.automation.RakuRaku.loginpage.TC002_Verifylogin"/>
  <testcase name="verifyLogin" time="2.641" classname="com.test.automation.RakuRaku.loginpage.TC002_Verifylogin"/>
  <testcase name="verifyLogin" time="2.555" classname="com.test.automation.RakuRaku.loginpage.TC002_Verifylogin"/>
  <testcase name="verifyLogin" time="2.577" classname="com.test.automation.RakuRaku.loginpage.TC002_Verifylogin"/>
</testsuite> <!-- LoginPage -->
