<?xml version="1.0" encoding="UTF-8"?>
<!-- Generated by org.testng.reporters.JUnitXMLReporter -->
<testsuite ignored="0" hostname="Nagarjuna-Y" failures="0" tests="5" name="TC001_VerifyLoginWithInvalidCredentails" time="57.139" errors="0" timestamp="18 Apr 2018 12:21:15 GMT">
  <testcase classname="com.test.automation.RakuRaku.loginpage.TC003_Verifylogin" name="verifyLogin" time="2.376"/>
  <testcase classname="com.test.automation.RakuRaku.loginpage.TC003_Verifylogin" name="verifyLogin" time="1.819"/>
  <testcase classname="com.test.automation.RakuRaku.loginpage.TC003_Verifylogin" name="verifyLogin" time="1.757"/>
  <testcase classname="com.test.automation.RakuRaku.loginpage.TC003_Verifylogin" name="verifyLogin" time="2.363"/>
  <testcase classname="com.test.automation.RakuRaku.loginpage.TC003_Verifylogin" name="verifyLogin" time="1.78"/>
</testsuite> <!-- TC001_VerifyLoginWithInvalidCredentails -->
