<?xml version="1.0" encoding="UTF-8"?>
<testsuite xmlns:xsi="http://www.w3.org/2001/XMLSchema-instance" xsi:schemaLocation="https://maven.apache.org/surefire/maven-surefire-plugin/xsd/surefire-test-report.xsd" name="TestSuite" time="375.559" tests="20" errors="0" skipped="1" failures="0">
  <properties>
[...]
</properties>
  <testcase name="verifyLogin" classname="com.test.automation.RakuRaku.loginpage.TC002_Verifylogin" time="4.793"/>
  <testcase name="verifyLogin" classname="com.test.automation.RakuRaku.loginpage.TC002_Verifylogin" time="0">
    <skipped message="unknown error: Element &lt;button type=&quot;button&quot; class=&quot;btn blue btn-lg btn-block rounded-3 font-hg bold&quot; id=&quot;btnLogIn&quot;&gt;...&lt;/button&gt; is not clickable at point (640, 228). Other element would receive the click: &lt;div class=&quot;blockUI blockOverlay&quot; style=&quot;z-index: 1000; border: none; margin: 0px; padding: 0px; width: 100%; height: 100%; top: 0px; left: 0px; background-color: rgb(85, 85, 85); opacity: 0.9; cursor: wait; position: fixed;&quot;&gt;&lt;/div&gt;&#10;  (Session info: chrome=66.0.3359.139)&#10;  (Driver info: chromedriver=2.36.540470 (e522d04694c7ebea4ba8821272dbef4f9b818c91),platform=Windows NT 6.3.9600 x86_64) (WARNING: The server did not provide any stacktrace information)&#10;Command duration or timeout: 0 milliseconds&#10;Build info: version: &apos;3.11.0&apos;, revision: &apos;e59cfb3&apos;, time: &apos;2018-03-11T20:26:55.152Z&apos;&#10;System info: host: &apos;NAGARJUNA-Y&apos;, ip: &apos;192.168.167.149&apos;, os.name: &apos;Windows 8.1&apos;, os.arch: &apos;amd64&apos;, os.version: &apos;6.3&apos;, java.version: &apos;1.8.0_171&apos;&#10;Driver info: org.openqa.selenium.chrome.ChromeDriver&#10;Capabilities {acceptInsecureCerts: false, acceptSslCerts: false, applicationCacheEnabled: false, browserConnectionEnabled: false, browserName: chrome, chrome: {chromedriverVersion: 2.36.540470 (e522d04694c7eb..., userDataDir: C:\Users\NAGARJ~1\AppData\L...}, cssSelectorsEnabled: true, databaseEnabled: false, handlesAlerts: true, hasTouchScreen: false, javascriptEnabled: true, locationContextEnabled: true, mobileEmulationEnabled: false, nativeEvents: true, networkConnectionEnabled: false, pageLoadStrategy: normal, platform: XP, platformName: XP, rotatable: false, setWindowRect: true, takesHeapSnapshot: true, takesScreenshot: true, unexpectedAlertBehaviour: , unhandledPromptBehavior: , version: 66.0.3359.139, webStorageEnabled: true}&#10;Session ID: 8a31d23a2510aebbf6bd81efd89b9a9d"/>
    <system-out><![CDATA[2018-05-11 10:12:22 INFO  TestBase:160 - =========>Start verify login
2018-05-11 10:12:22 INFO  LoginPage:65 - entered facility id:-fp-ifttest and object is[[ChromeDriver: chrome on XP (8a31d23a2510aebbf6bd81efd89b9a9d)] -> xpath: //*[@id="txtUserId"]]
2018-05-11 10:12:23 INFO  LoginPage:65 - entered password:-hhh and object is[[ChromeDriver: chrome on XP (8a31d23a2510aebbf6bd81efd89b9a9d)] -> xpath: //*[@id="txtPassword"]]
2018-05-11 10:12:25 INFO  Retry:39 - Retrying testverifyLoginwith status nullfor the1time(s).
]]></system-out>
  </testcase>
  <testcase name="verifyLogin" classname="com.test.automation.RakuRaku.loginpage.TC002_Verifylogin" time="2.598"/>
  <testcase name="verifyLogin" classname="com.test.automation.RakuRaku.loginpage.TC002_Verifylogin" time="2.555"/>
  <testcase name="verifyLogin" classname="com.test.automation.RakuRaku.loginpage.TC002_Verifylogin" time="2.669"/>
  <testcase name="verifyLogin" classname="com.test.automation.RakuRaku.loginpage.TC002_Verifylogin" time="2.625"/>
  <testcase name="verifyLogin" classname="com.test.automation.RakuRaku.loginpage.TC002_Verifylogin" time="2.609"/>
  <testcase name="verifyLogin" classname="com.test.automation.RakuRaku.loginpage.TC002_Verifylogin" time="2.601"/>
  <testcase name="verifyLogin" classname="com.test.automation.RakuRaku.loginpage.TC002_Verifylogin" time="2.685"/>
  <testcase name="verifyLogin_EmptyID_EmptyPassword" classname="com.test.automation.RakuRaku.loginpage.TC001_VerifyLoginWithInvalidCredentails" time="2.399"/>
  <testcase name="verifyLogin_InvalidID_ValidPassword" classname="com.test.automation.RakuRaku.loginpage.TC001_VerifyLoginWithInvalidCredentails" time="5.16"/>
  <testcase name="verifyLogin_EmptyID_ValidPassword" classname="com.test.automation.RakuRaku.loginpage.TC001_VerifyLoginWithInvalidCredentails" time="2.265"/>
  <testcase name="verifyLogin_ValidID_EmptyPassword" classname="com.test.automation.RakuRaku.loginpage.TC001_VerifyLoginWithInvalidCredentails" time="2.346"/>
  <testcase name="verifyLogin_InvalidID_InvalidPassword" classname="com.test.automation.RakuRaku.loginpage.TC001_VerifyLoginWithInvalidCredentails" time="2.777"/>
  <testcase name="verifyLogin_InvalidID_EmptyPassword" classname="com.test.automation.RakuRaku.loginpage.TC001_VerifyLoginWithInvalidCredentails" time="2.314"/>
  <testcase name="verifyLogin_EmptyID_InvalidPassword" classname="com.test.automation.RakuRaku.loginpage.TC001_VerifyLoginWithInvalidCredentails" time="2.264"/>
  <testcase name="reservationBooking" classname="com.test.automation.RakuRaku.homepage.TC005_VerifyReservationbooking" time="46.803"/>
  <testcase name="callTaxibutton" classname="com.test.automation.RakuRaku.homepage.TC007_CallTaxiScreen_Bookingdetails_Validation" time="7.175"/>
  <testcase name="rideNow" classname="com.test.automation.RakuRaku.homepage.TC003_VerifyRideNowBooking" time="227.948"/>
  <testcase name="apiServerDown" classname="com.test.automation.RakuRaku.apiserverdown.TC006_ApiServerDown" time="4.452"/>
</testsuite>