<?xml version="1.0" encoding="UTF-8"?>
<!-- Generated by org.testng.reporters.JUnitXMLReporter -->
<testsuite hostname="Nagarjuna-Y" ignored="0" name="LoginPage" tests="16" failures="0" timestamp="11 May 2018 04:43:13 GMT" time="66.334" errors="0">
  <testcase name="verifyLogin" time="4.792" classname="com.test.automation.RakuRaku.loginpage.TC002_Verifylogin"/>
  <testcase name="verifyLogin" time="2.28" classname="com.test.automation.RakuRaku.loginpage.TC002_Verifylogin">
    <skipped/>
  </testcase> <!-- verifyLogin -->
  <testcase name="verifyLogin" time="2.594" classname="com.test.automation.RakuRaku.loginpage.TC002_Verifylogin"/>
  <testcase name="verifyLogin" time="2.556" classname="com.test.automation.RakuRaku.loginpage.TC002_Verifylogin"/>
  <testcase name="verifyLogin" time="2.678" classname="com.test.automation.RakuRaku.loginpage.TC002_Verifylogin"/>
  <testcase name="verifyLogin" time="2.62" classname="com.test.automation.RakuRaku.loginpage.TC002_Verifylogin"/>
  <testcase name="verifyLogin" time="2.612" classname="com.test.automation.RakuRaku.loginpage.TC002_Verifylogin"/>
  <testcase name="verifyLogin" time="2.605" classname="com.test.automation.RakuRaku.loginpage.TC002_Verifylogin"/>
  <testcase name="verifyLogin" time="2.688" classname="com.test.automation.RakuRaku.loginpage.TC002_Verifylogin"/>
  <testcase name="verifyLogin_EmptyID_EmptyPassword" time="2.397" classname="com.test.automation.RakuRaku.loginpage.TC001_VerifyLoginWithInvalidCredentails"/>
  <testcase name="verifyLogin_InvalidID_ValidPassword" time="5.151" classname="com.test.automation.RakuRaku.loginpage.TC001_VerifyLoginWithInvalidCredentails"/>
  <testcase name="verifyLogin_EmptyID_ValidPassword" time="2.267" classname="com.test.automation.RakuRaku.loginpage.TC001_VerifyLoginWithInvalidCredentails"/>
  <testcase name="verifyLogin_ValidID_EmptyPassword" time="2.349" classname="com.test.automation.RakuRaku.loginpage.TC001_VerifyLoginWithInvalidCredentails"/>
  <testcase name="verifyLogin_InvalidID_InvalidPassword" time="2.773" classname="com.test.automation.RakuRaku.loginpage.TC001_VerifyLoginWithInvalidCredentails"/>
  <testcase name="verifyLogin_InvalidID_EmptyPassword" time="2.315" classname="com.test.automation.RakuRaku.loginpage.TC001_VerifyLoginWithInvalidCredentails"/>
  <testcase name="verifyLogin_EmptyID_InvalidPassword" time="2.26" classname="com.test.automation.RakuRaku.loginpage.TC001_VerifyLoginWithInvalidCredentails"/>
</testsuite> <!-- LoginPage -->
