<?xml version="1.0" encoding="UTF-8"?>
<!-- Generated by org.testng.reporters.JUnitXMLReporter -->
<testsuite hostname="Nagarjuna-Y" ignored="0" name="Reservation-Booking" tests="2" failures="0" timestamp="11 May 2018 04:44:18 GMT" time="64.972" errors="0">
  <testcase name="reservationBooking" time="46.809" classname="com.test.automation.RakuRaku.homepage.TC005_VerifyReservationbooking"/>
  <testcase name="callTaxibutton" time="7.171" classname="com.test.automation.RakuRaku.homepage.TC007_CallTaxiScreen_Bookingdetails_Validation"/>
</testsuite> <!-- Reservation-Booking -->
