<?xml version="1.0" encoding="UTF-8"?>
<!-- Generated by org.testng.reporters.JUnitXMLReporter -->
<testsuite hostname="Nagarjuna-Y" ignored="0" name="Default test" tests="8" failures="0" timestamp="10 May 2018 08:49:52 GMT" time="33.139" errors="0">
  <testcase name="verifyLogin" time="5.658" classname="com.test.automation.RakuRaku.loginpage.TC002_Verifylogin"/>
  <testcase name="verifyLogin" time="2.627" classname="com.test.automation.RakuRaku.loginpage.TC002_Verifylogin"/>
  <testcase name="verifyLogin" time="2.638" classname="com.test.automation.RakuRaku.loginpage.TC002_Verifylogin"/>
  <testcase name="verifyLogin" time="2.706" classname="com.test.automation.RakuRaku.loginpage.TC002_Verifylogin"/>
  <testcase name="verifyLogin" time="2.59" classname="com.test.automation.RakuRaku.loginpage.TC002_Verifylogin"/>
  <testcase name="verifyLogin" time="2.623" classname="com.test.automation.RakuRaku.loginpage.TC002_Verifylogin"/>
  <testcase name="verifyLogin" time="2.56" classname="com.test.automation.RakuRaku.loginpage.TC002_Verifylogin"/>
  <testcase name="verifyLogin" time="2.616" classname="com.test.automation.RakuRaku.loginpage.TC002_Verifylogin"/>
</testsuite> <!-- Default test -->
